<?xml version="1.0" encoding="UTF-8"?>
<!-- Generated by org.testng.reporters.JUnitXMLReporter -->
<testsuite hostname="rohith" ignored="0" name="Command line test" tests="4" failures="0" timestamp="21 Feb 2019 23:31:45 GMT" time="39.186" errors="0">
  <testcase name="@AfterTest closeHomePage" time="0.0" classname="project.circuit.automation.HomePageTest">
    <failure type="java.lang.NullPointerException">
      <![CDATA[java.lang.NullPointerException
at project.circuit.automation.HomePageTest.closeHomePage(HomePageTest.java:63)
... Removed 34 stack frames]]>
    </failure>
  </testcase> <!-- @AfterTest closeHomePage -->
  <testcase name="@AfterTest CloseAll" time="0.0" classname="project.circuit.automation.LandingPageTest">
    <skipped/>
  </testcase> <!-- @AfterTest CloseAll -->
  <testcase name="@AfterTest closeAll" time="0.0" classname="project.circuit.automation.LoginPageTest">
    <skipped/>
  </testcase> <!-- @AfterTest closeAll -->
  <testcase name="signInTest" time="2.432" classname="project.circuit.automation.HomePageTest"/>
  <testcase name="loginTest" time="0.457" classname="project.circuit.automation.HomePageTest"/>
  <testcase name="landingPage_A" time="4.386" classname="project.circuit.automation.LandingPageTest"/>
  <testcase name="loginId" time="0.285" classname="project.circuit.automation.LoginPageTest"/>
</testsuite> <!-- Command line test -->
