<?xml version="1.0" encoding="UTF-8"?>
<testng-results skipped="0" failed="0" ignored="0" total="4" passed="4">
  <reporter-output>
  </reporter-output>
  <suite name="Command line suite" duration-ms="37830" started-at="2019-02-21T23:21:04Z" finished-at="2019-02-21T23:21:42Z">
    <groups>
    </groups>
    <test name="Command line test" duration-ms="37830" started-at="2019-02-21T23:21:04Z" finished-at="2019-02-21T23:21:42Z">
      <class name="project.circuit.automation.LandingPageTest">
        <test-method status="PASS" signature="landingPage_A()[pri:1, instance:project.circuit.automation.LandingPageTest@1b58ca3]" name="landingPage_A" duration-ms="5101" started-at="2019-02-21T23:21:36Z" finished-at="2019-02-21T23:21:42Z">
          <reporter-output>
          </reporter-output>
        </test-method> <!-- landingPage_A -->
      </class> <!-- project.circuit.automation.LandingPageTest -->
      <class name="project.circuit.automation.HomePageTest">
        <test-method status="PASS" signature="setUp()[pri:0, instance:project.circuit.automation.HomePageTest@1175e74]" name="setUp" is-config="true" duration-ms="10701" started-at="2019-02-21T23:21:04Z" finished-at="2019-02-21T23:21:15Z">
          <reporter-output>
          </reporter-output>
        </test-method> <!-- setUp -->
        <test-method status="PASS" signature="LandingPage()[pri:0, instance:project.circuit.automation.LandingPageTest@1b58ca3]" name="LandingPage" is-config="true" duration-ms="7961" started-at="2019-02-21T23:21:15Z" finished-at="2019-02-21T23:21:23Z">
          <reporter-output>
          </reporter-output>
        </test-method> <!-- LandingPage -->
        <test-method status="PASS" signature="pageTest()[pri:0, instance:project.circuit.automation.LoginPageTest@540f5a]" name="pageTest" is-config="true" duration-ms="10099" started-at="2019-02-21T23:21:23Z" finished-at="2019-02-21T23:21:33Z">
          <reporter-output>
          </reporter-output>
        </test-method> <!-- pageTest -->
        <test-method status="PASS" signature="signInTest()[pri:0, instance:project.circuit.automation.HomePageTest@1175e74]" name="signInTest" duration-ms="2528" started-at="2019-02-21T23:21:33Z" finished-at="2019-02-21T23:21:36Z">
          <reporter-output>
          </reporter-output>
        </test-method> <!-- signInTest -->
        <test-method status="PASS" signature="loginTest()[pri:1, instance:project.circuit.automation.HomePageTest@1175e74]" name="loginTest" duration-ms="595" started-at="2019-02-21T23:21:36Z" finished-at="2019-02-21T23:21:36Z">
          <reporter-output>
          </reporter-output>
        </test-method> <!-- loginTest -->
        <test-method status="FAIL" signature="closeHomePage()[pri:0, instance:project.circuit.automation.HomePageTest@1175e74]" name="closeHomePage" is-config="true" duration-ms="2" started-at="2019-02-21T23:21:42Z" finished-at="2019-02-21T23:21:42Z">
          <exception class="java.lang.NullPointerException">
            <full-stacktrace>
              <![CDATA[java.lang.NullPointerException
at project.circuit.automation.HomePageTest.closeHomePage(HomePageTest.java:63)
at sun.reflect.NativeMethodAccessorImpl.invoke0(Native Method)
at sun.reflect.NativeMethodAccessorImpl.invoke(Unknown Source)
at sun.reflect.DelegatingMethodAccessorImpl.invoke(Unknown Source)
at java.lang.reflect.Method.invoke(Unknown Source)
at org.testng.internal.MethodInvocationHelper.invokeMethod(MethodInvocationHelper.java:124)
at org.testng.internal.MethodInvocationHelper.invokeMethodConsideringTimeout(MethodInvocationHelper.java:59)
at org.testng.internal.Invoker.invokeConfigurationMethod(Invoker.java:458)
at org.testng.internal.Invoker.invokeConfigurations(Invoker.java:222)
at org.testng.internal.Invoker.invokeConfigurations(Invoker.java:142)
at org.testng.TestRunner.afterRun(TestRunner.java:725)
at org.testng.TestRunner.run(TestRunner.java:509)
at org.testng.SuiteRunner.runTest(SuiteRunner.java:455)
at org.testng.SuiteRunner.runSequentially(SuiteRunner.java:450)
at org.testng.SuiteRunner.privateRun(SuiteRunner.java:415)
at org.testng.SuiteRunner.run(SuiteRunner.java:364)
at org.testng.SuiteRunnerWorker.runSuite(SuiteRunnerWorker.java:52)
at org.testng.SuiteRunnerWorker.run(SuiteRunnerWorker.java:84)
at org.testng.TestNG.runSuitesSequentially(TestNG.java:1208)
at org.testng.TestNG.runSuitesLocally(TestNG.java:1137)
at org.testng.TestNG.runSuites(TestNG.java:1049)
at org.testng.TestNG.run(TestNG.java:1017)
at org.apache.maven.surefire.testng.TestNGExecutor.run(TestNGExecutor.java:77)
at org.apache.maven.surefire.testng.TestNGDirectoryTestSuite.executeMulti(TestNGDirectoryTestSuite.java:159)
at org.apache.maven.surefire.testng.TestNGDirectoryTestSuite.execute(TestNGDirectoryTestSuite.java:99)
at org.apache.maven.surefire.testng.TestNGProvider.invoke(TestNGProvider.java:106)
at sun.reflect.NativeMethodAccessorImpl.invoke0(Native Method)
at sun.reflect.NativeMethodAccessorImpl.invoke(Unknown Source)
at sun.reflect.DelegatingMethodAccessorImpl.invoke(Unknown Source)
at java.lang.reflect.Method.invoke(Unknown Source)
at org.apache.maven.surefire.util.ReflectionUtils.invokeMethodWithArray(ReflectionUtils.java:189)
at org.apache.maven.surefire.booter.ProviderFactory$ProviderProxy.invoke(ProviderFactory.java:165)
at org.apache.maven.surefire.booter.ProviderFactory.invokeProvider(ProviderFactory.java:85)
at org.apache.maven.surefire.booter.ForkedBooter.runSuitesInProcess(ForkedBooter.java:115)
at org.apache.maven.surefire.booter.ForkedBooter.main(ForkedBooter.java:75)
]]>
            </full-stacktrace>
          </exception> <!-- java.lang.NullPointerException -->
          <reporter-output>
          </reporter-output>
        </test-method> <!-- closeHomePage -->
        <test-method status="SKIP" signature="CloseAll()[pri:0, instance:project.circuit.automation.LandingPageTest@1b58ca3]" name="CloseAll" is-config="true" duration-ms="0" started-at="2019-02-21T23:21:42Z" finished-at="2019-02-21T23:21:42Z">
          <reporter-output>
          </reporter-output>
        </test-method> <!-- CloseAll -->
        <test-method status="SKIP" signature="closeAll()[pri:0, instance:project.circuit.automation.LoginPageTest@540f5a]" name="closeAll" is-config="true" duration-ms="0" started-at="2019-02-21T23:21:42Z" finished-at="2019-02-21T23:21:42Z">
          <reporter-output>
          </reporter-output>
        </test-method> <!-- closeAll -->
      </class> <!-- project.circuit.automation.HomePageTest -->
      <class name="project.circuit.automation.LoginPageTest">
        <test-method status="PASS" signature="loginId()[pri:1, instance:project.circuit.automation.LoginPageTest@540f5a]" name="loginId" duration-ms="567" started-at="2019-02-21T23:21:42Z" finished-at="2019-02-21T23:21:42Z">
          <reporter-output>
          </reporter-output>
        </test-method> <!-- loginId -->
      </class> <!-- project.circuit.automation.LoginPageTest -->
    </test> <!-- Command line test -->
  </suite> <!-- Command line suite -->
</testng-results>
